# JRE version: OpenJDK Runtime Environment (8.0_212-b04) (build 1.8.0_212-release-1586-b04)
# Java VM: OpenJDK 64-Bit Server VM (25.212-b04 mixed mode windows-amd64 compressed oops)
Heap:
 PSYoungGen      total 485376K, used 71137K [0x00000000e0000000, 0x0000000100000000, 0x0000000100000000)
  eden space 461824K, 10% used [0x00000000e0000000,0x00000000e2e9bb38,0x00000000fc300000)
  from space 23552K, 99% used [0x00000000fc300000,0x00000000fd9dc8e0,0x00000000fda00000)
  to   space 33280K, 0% used [0x00000000fdf80000,0x00000000fdf80000,0x0000000100000000)
 ParOldGen       total 108032K, used 59029K [0x00000000a0000000, 0x00000000a6980000, 0x00000000e0000000)
  object space 108032K, 54% used [0x00000000a0000000,0x00000000a39a5430,0x00000000a6980000)
 Metaspace       used 90826K, capacity 95410K, committed 95616K, reserved 1134592K
  class space    used 11942K, capacity 12879K, committed 12928K, reserved 1048576K
GC Heap History (10 events):
Event: 25.908 GC heap before
{Heap before GC invocations=10 (full 2):
 PSYoungGen      total 277504K, used 261120K [0x00000000e0000000, 0x00000000fc300000, 0x0000000100000000)
  eden space 261120K, 100% used [0x00000000e0000000,0x00000000eff00000,0x00000000eff00000)
  from space 16384K, 0% used [0x00000000eff00000,0x00000000eff00000,0x00000000f0f00000)
  to   space 15360K, 0% used [0x00000000fb400000,0x00000000fb400000,0x00000000fc300000)
 ParOldGen       total 74240K, used 14425K [0x00000000a0000000, 0x00000000a4880000, 0x00000000e0000000)
  object space 74240K, 19% used [0x00000000a0000000,0x00000000a0e16740,0x00000000a4880000)
 Metaspace       used 53642K, capacity 55386K, committed 55680K, reserved 1097728K
  class space    used 7078K, capacity 7492K, committed 7552K, reserved 1048576K
Event: 25.930 GC heap after
Heap after GC invocations=10 (full 2):
 PSYoungGen      total 428032K, used 15358K [0x00000000e0000000, 0x00000000fc300000, 0x0000000100000000)
  eden space 412672K, 0% used [0x00000000e0000000,0x00000000e0000000,0x00000000f9300000)
  from space 15360K, 99% used [0x00000000fb400000,0x00000000fc2ff830,0x00000000fc300000)
  to   space 23040K, 0% used [0x00000000f9600000,0x00000000f9600000,0x00000000fac80000)
 ParOldGen       total 74240K, used 26023K [0x00000000a0000000, 0x00000000a4880000, 0x00000000e0000000)
  object space 74240K, 35% used [0x00000000a0000000,0x00000000a1969de0,0x00000000a4880000)
 Metaspace       used 53642K, capacity 55386K, committed 55680K, reserved 1097728K
  class space    used 7078K, capacity 7492K, committed 7552K, reserved 1048576K
}
Event: 26.588 GC heap before
{Heap before GC invocations=11 (full 2):
 PSYoungGen      total 428032K, used 71814K [0x00000000e0000000, 0x00000000fc300000, 0x0000000100000000)
  eden space 412672K, 13% used [0x00000000e0000000,0x00000000e3722310,0x00000000f9300000)
  from space 15360K, 99% used [0x00000000fb400000,0x00000000fc2ff830,0x00000000fc300000)
  to   space 23040K, 0% used [0x00000000f9600000,0x00000000f9600000,0x00000000fac80000)
 ParOldGen       total 74240K, used 26023K [0x00000000a0000000, 0x00000000a4880000, 0x00000000e0000000)
  object space 74240K, 35% used [0x00000000a0000000,0x00000000a1969de0,0x00000000a4880000)
 Metaspace       used 57086K, capacity 59010K, committed 59136K, reserved 1099776K
  class space    used 7690K, capacity 8111K, committed 8192K, reserved 1048576K
Event: 26.599 GC heap after
Heap after GC invocations=11 (full 2):
 PSYoungGen      total 438784K, used 18916K [0x00000000e0000000, 0x0000000100000000, 0x0000000100000000)
  eden space 415744K, 0% used [0x00000000e0000000,0x00000000e0000000,0x00000000f9600000)
  from space 23040K, 82% used [0x00000000f9600000,0x00000000fa879008,0x00000000fac80000)
  to   space 25088K, 0% used [0x00000000fe780000,0x00000000fe780000,0x0000000100000000)
 ParOldGen       total 74240K, used 26031K [0x00000000a0000000, 0x00000000a4880000, 0x00000000e0000000)
  object space 74240K, 35% used [0x00000000a0000000,0x00000000a196bde0,0x00000000a4880000)
 Metaspace       used 57086K, capacity 59010K, committed 59136K, reserved 1099776K
  class space    used 7690K, capacity 8111K, committed 8192K, reserved 1048576K
}
Event: 26.599 GC heap before
{Heap before GC invocations=12 (full 3):
 PSYoungGen      total 438784K, used 18916K [0x00000000e0000000, 0x0000000100000000, 0x0000000100000000)
  eden space 415744K, 0% used [0x00000000e0000000,0x00000000e0000000,0x00000000f9600000)
  from space 23040K, 82% used [0x00000000f9600000,0x00000000fa879008,0x00000000fac80000)
  to   space 25088K, 0% used [0x00000000fe780000,0x00000000fe780000,0x0000000100000000)
 ParOldGen       total 74240K, used 26031K [0x00000000a0000000, 0x00000000a4880000, 0x00000000e0000000)
  object space 74240K, 35% used [0x00000000a0000000,0x00000000a196bde0,0x00000000a4880000)
 Metaspace       used 57086K, capacity 59010K, committed 59136K, reserved 1099776K
  class space    used 7690K, capacity 8111K, committed 8192K, reserved 1048576K
Event: 26.781 GC heap after
Heap after GC invocations=12 (full 3):
 PSYoungGen      total 438784K, used 0K [0x00000000e0000000, 0x0000000100000000, 0x0000000100000000)
  eden space 415744K, 0% used [0x00000000e0000000,0x00000000e0000000,0x00000000f9600000)
  from space 23040K, 0% used [0x00000000f9600000,0x00000000f9600000,0x00000000fac80000)
  to   space 25088K, 0% used [0x00000000fe780000,0x00000000fe780000,0x0000000100000000)
 ParOldGen       total 108032K, used 31935K [0x00000000a0000000, 0x00000000a6980000, 0x00000000e0000000)
  object space 108032K, 29% used [0x00000000a0000000,0x00000000a1f2ffa0,0x00000000a6980000)
 Metaspace       used 57029K, capacity 58826K, committed 59136K, reserved 1099776K
  class space    used 7674K, capacity 8086K, committed 8192K, reserved 1048576K
}
Event: 831.510 GC heap before
{Heap before GC invocations=13 (full 3):
 PSYoungGen      total 438784K, used 415744K [0x00000000e0000000, 0x0000000100000000, 0x0000000100000000)
  eden space 415744K, 100% used [0x00000000e0000000,0x00000000f9600000,0x00000000f9600000)
  from space 23040K, 0% used [0x00000000f9600000,0x00000000f9600000,0x00000000fac80000)
  to   space 25088K, 0% used [0x00000000fe780000,0x00000000fe780000,0x0000000100000000)
 ParOldGen       total 108032K, used 31935K [0x00000000a0000000, 0x00000000a6980000, 0x00000000e0000000)
  object space 108032K, 29% used [0x00000000a0000000,0x00000000a1f2ffa0,0x00000000a6980000)
 Metaspace       used 74113K, capacity 77820K, committed 78080K, reserved 1116160K
  class space    used 9889K, capacity 10680K, committed 10752K, reserved 1048576K
Event: 831.542 GC heap after
Heap after GC invocations=13 (full 3):
 PSYoungGen      total 486912K, used 25070K [0x00000000e0000000, 0x0000000100000000, 0x0000000100000000)
  eden space 461824K, 0% used [0x00000000e0000000,0x00000000e0000000,0x00000000fc300000)
  from space 25088K, 99% used [0x00000000fe780000,0x00000000ffffb800,0x0000000100000000)
  to   space 31232K, 0% used [0x00000000fc300000,0x00000000fc300000,0x00000000fe180000)
 ParOldGen       total 108032K, used 38163K [0x00000000a0000000, 0x00000000a6980000, 0x00000000e0000000)
  object space 108032K, 35% used [0x00000000a0000000,0x00000000a2544e00,0x00000000a6980000)
 Metaspace       used 74113K, capacity 77820K, committed 78080K, reserved 1116160K
  class space    used 9889K, capacity 10680K, committed 10752K, reserved 1048576K
}
Event: 885.816 GC heap before
{Heap before GC invocations=14 (full 3):
 PSYoungGen      total 486912K, used 486894K [0x00000000e0000000, 0x0000000100000000, 0x0000000100000000)
  eden space 461824K, 100% used [0x00000000e0000000,0x00000000fc300000,0x00000000fc300000)
  from space 25088K, 99% used [0x00000000fe780000,0x00000000ffffb800,0x0000000100000000)
  to   space 31232K, 0% used [0x00000000fc300000,0x00000000fc300000,0x00000000fe180000)
 ParOldGen       total 108032K, used 38163K [0x00000000a0000000, 0x00000000a6980000, 0x00000000e0000000)
  object space 108032K, 35% used [0x00000000a0000000,0x00000000a2544e00,0x00000000a6980000)
 Metaspace       used 88562K, capacity 92746K, committed 92928K, reserved 1130496K
  class space    used 11578K, capacity 12467K, committed 12544K, reserved 1048576K
Event: 887.608 GC heap after
Heap after GC invocations=14 (full 3):
 PSYoungGen      total 485376K, used 23410K [0x00000000e0000000, 0x0000000100000000, 0x0000000100000000)
  eden space 461824K, 0% used [0x00000000e0000000,0x00000000e0000000,0x00000000fc300000)
  from space 23552K, 99% used [0x00000000fc300000,0x00000000fd9dc8e0,0x00000000fda00000)
  to   space 33280K, 0% used [0x00000000fdf80000,0x00000000fdf80000,0x0000000100000000)
 ParOldGen       total 108032K, used 59029K [0x00000000a0000000, 0x00000000a6980000, 0x00000000e0000000)
  object space 108032K, 54% used [0x00000000a0000000,0x00000000a39a5430,0x00000000a6980000)
 Metaspace       used 88562K, capacity 92746K, committed 92928K, reserved 1130496K
  class space    used 11578K, capacity 12467K, committed 12544K, reserved 1048576K
}

